<?xml version="1.0" encoding="UTF-8"?>
<!-- Generated by org.testng.reporters.JUnitReportReporter -->
<testsuite hostname="ThanhThanh" failures="0" tests="1" name="thanhtester.com.TestClass2" time="1.101" errors="0" timestamp="2024-10-10T22:26:50 ICT" skipped="0">
  <testcase classname="thanhtester.com.TestClass2" name="Run" time="1.101"/>
</testsuite> <!-- thanhtester.com.TestClass2 -->
